2013-11-02 13:46:43.699 HelloWorld[1503:c07] Multi-tasking -> Device: YES, App: YES
2013-11-02 13:46:43.912 HelloWorld[1503:c07] Resetting plugins due to page load.
2013-11-02 13:46:43.997 HelloWorld[1503:c07] Finished load of: file:///Users/jashua/Library/Application%20Support/iPhone%20Simulator/6.1/Applications/CAA5F5B7-02C5-4108-B13B-89F436CA12D5/HelloWorld.app/www/index.html
2013-11-02 18:27:22.982 HelloWorld[2199:c07] Multi-tasking -> Device: YES, App: YES
2013-11-02 18:27:23.035 HelloWorld[2199:c07] Resetting plugins due to page load.
2013-11-02 18:27:23.068 HelloWorld[2199:c07] Finished load of: file:///Users/jashua/Library/Application%20Support/iPhone%20Simulator/6.1/Applications/CAA5F5B7-02C5-4108-B13B-89F436CA12D5/HelloWorld.app/www/index.html
2013-11-02 18:30:34.927 HelloWorld[2686:c07] Multi-tasking -> Device: YES, App: YES
2013-11-02 18:30:34.980 HelloWorld[2686:c07] Resetting plugins due to page load.
2013-11-02 18:30:35.007 HelloWorld[2686:c07] Finished load of: file:///Users/jashua/Library/Application%20Support/iPhone%20Simulator/6.1/Applications/CAA5F5B7-02C5-4108-B13B-89F436CA12D5/HelloWorld.app/www/index.html
2013-11-02 19:56:04.254 HelloWorld[3215:c07] Multi-tasking -> Device: YES, App: YES
2013-11-02 19:56:04.305 HelloWorld[3215:c07] Resetting plugins due to page load.
2013-11-02 19:56:04.333 HelloWorld[3215:c07] Finished load of: file:///Users/jashua/Library/Application%20Support/iPhone%20Simulator/6.1/Applications/CAA5F5B7-02C5-4108-B13B-89F436CA12D5/HelloWorld.app/www/index.html
Terminating in response to SpringBoard's termination.
2013-11-02 19:59:29.824 HelloWorld[3698:c07] Multi-tasking -> Device: YES, App: YES
2013-11-02 19:59:29.886 HelloWorld[3698:c07] Resetting plugins due to page load.
2013-11-02 19:59:29.914 HelloWorld[3698:c07] Finished load of: file:///Users/jashua/Library/Application%20Support/iPhone%20Simulator/6.1/Applications/CAA5F5B7-02C5-4108-B13B-89F436CA12D5/HelloWorld.app/www/index.html
2013-11-02 20:00:29.235 HelloWorld[4154:c07] Multi-tasking -> Device: YES, App: YES
2013-11-02 20:00:29.287 HelloWorld[4154:c07] Resetting plugins due to page load.
2013-11-02 20:00:29.315 HelloWorld[4154:c07] Finished load of: file:///Users/jashua/Library/Application%20Support/iPhone%20Simulator/6.1/Applications/CAA5F5B7-02C5-4108-B13B-89F436CA12D5/HelloWorld.app/www/index.html
2013-11-02 20:03:33.601 HelloWorld[4672:c07] Multi-tasking -> Device: YES, App: YES
2013-11-02 20:03:33.651 HelloWorld[4672:c07] Resetting plugins due to page load.
2013-11-02 20:03:33.679 HelloWorld[4672:c07] Finished load of: file:///Users/jashua/Library/Application%20Support/iPhone%20Simulator/6.1/Applications/CAA5F5B7-02C5-4108-B13B-89F436CA12D5/HelloWorld.app/www/index.html
2013-11-02 23:04:46.058 HelloWorld[5245:c07] Multi-tasking -> Device: YES, App: YES
2013-11-02 23:04:46.107 HelloWorld[5245:c07] Resetting plugins due to page load.
2013-11-02 23:04:46.133 HelloWorld[5245:c07] Finished load of: file:///Users/jashua/Library/Application%20Support/iPhone%20Simulator/6.1/Applications/CAA5F5B7-02C5-4108-B13B-89F436CA12D5/HelloWorld.app/www/index.html
2013-11-03 00:59:55.011 HelloWorld[5798:c07] Multi-tasking -> Device: YES, App: YES
2013-11-03 00:59:55.063 HelloWorld[5798:c07] Resetting plugins due to page load.
2013-11-03 00:59:55.089 HelloWorld[5798:c07] Finished load of: file:///Users/jashua/Library/Application%20Support/iPhone%20Simulator/6.1/Applications/CAA5F5B7-02C5-4108-B13B-89F436CA12D5/HelloWorld.app/www/index.html
2013-11-03 01:03:02.421 HelloWorld[6265:c07] Multi-tasking -> Device: YES, App: YES
2013-11-03 01:03:02.472 HelloWorld[6265:c07] Resetting plugins due to page load.
2013-11-03 01:03:02.501 HelloWorld[6265:c07] Finished load of: file:///Users/jashua/Library/Application%20Support/iPhone%20Simulator/6.1/Applications/CAA5F5B7-02C5-4108-B13B-89F436CA12D5/HelloWorld.app/www/index.html
2013-11-03 01:03:32.720 HelloWorld[6718:c07] Multi-tasking -> Device: YES, App: YES
2013-11-03 01:03:32.769 HelloWorld[6718:c07] Resetting plugins due to page load.
2013-11-03 01:03:32.798 HelloWorld[6718:c07] Finished load of: file:///Users/jashua/Library/Application%20Support/iPhone%20Simulator/6.1/Applications/CAA5F5B7-02C5-4108-B13B-89F436CA12D5/HelloWorld.app/www/index.html
2013-11-03 01:06:03.827 HelloWorld[7184:c07] Multi-tasking -> Device: YES, App: YES
2013-11-03 01:06:03.877 HelloWorld[7184:c07] Resetting plugins due to page load.
2013-11-03 01:06:03.903 HelloWorld[7184:c07] Finished load of: file:///Users/jashua/Library/Application%20Support/iPhone%20Simulator/6.1/Applications/CAA5F5B7-02C5-4108-B13B-89F436CA12D5/HelloWorld.app/www/index.html
2013-11-03 01:06:41.829 HelloWorld[7637:c07] Multi-tasking -> Device: YES, App: YES
2013-11-03 01:06:41.881 HelloWorld[7637:c07] Resetting plugins due to page load.
2013-11-03 01:06:41.910 HelloWorld[7637:c07] Finished load of: file:///Users/jashua/Library/Application%20Support/iPhone%20Simulator/6.1/Applications/CAA5F5B7-02C5-4108-B13B-89F436CA12D5/HelloWorld.app/www/index.html
2013-11-03 01:07:13.749 HelloWorld[8089:c07] Multi-tasking -> Device: YES, App: YES
2013-11-03 01:07:13.803 HelloWorld[8089:c07] Resetting plugins due to page load.
2013-11-03 01:07:13.836 HelloWorld[8089:c07] Finished load of: file:///Users/jashua/Library/Application%20Support/iPhone%20Simulator/6.1/Applications/CAA5F5B7-02C5-4108-B13B-89F436CA12D5/HelloWorld.app/www/index.html
2013-11-03 01:07:39.737 HelloWorld[8541:c07] Multi-tasking -> Device: YES, App: YES
2013-11-03 01:07:39.787 HelloWorld[8541:c07] Resetting plugins due to page load.
2013-11-03 01:07:39.816 HelloWorld[8541:c07] Finished load of: file:///Users/jashua/Library/Application%20Support/iPhone%20Simulator/6.1/Applications/CAA5F5B7-02C5-4108-B13B-89F436CA12D5/HelloWorld.app/www/index.html
2013-11-03 01:09:08.804 HelloWorld[8996:c07] Multi-tasking -> Device: YES, App: YES
2013-11-03 01:09:08.857 HelloWorld[8996:c07] Resetting plugins due to page load.
2013-11-03 01:09:08.890 HelloWorld[8996:c07] Finished load of: file:///Users/jashua/Library/Application%20Support/iPhone%20Simulator/6.1/Applications/CAA5F5B7-02C5-4108-B13B-89F436CA12D5/HelloWorld.app/www/index.html
2013-11-03 01:09:27.604 HelloWorld[8996:2703] void SendDelegateMessage(NSInvocation *): delegate (webView:runJavaScriptTextInputPanelWithPrompt:defaultText:initiatedByFrame:) failed to return after waiting 10 seconds. main run loop mode: kCFRunLoopDefaultMode
2013-11-03 01:12:26.204 HelloWorld[9457:c07] Multi-tasking -> Device: YES, App: YES
2013-11-03 01:12:26.254 HelloWorld[9457:c07] Resetting plugins due to page load.
2013-11-03 01:12:26.290 HelloWorld[9457:c07] Finished load of: file:///Users/jashua/Library/Application%20Support/iPhone%20Simulator/6.1/Applications/CAA5F5B7-02C5-4108-B13B-89F436CA12D5/HelloWorld.app/www/index.html
2013-11-03 01:14:38.830 HelloWorld[9917:c07] Multi-tasking -> Device: YES, App: YES
2013-11-03 01:14:38.881 HelloWorld[9917:c07] Resetting plugins due to page load.
2013-11-03 01:14:38.909 HelloWorld[9917:c07] Finished load of: file:///Users/jashua/Library/Application%20Support/iPhone%20Simulator/6.1/Applications/CAA5F5B7-02C5-4108-B13B-89F436CA12D5/HelloWorld.app/www/index.html
2013-11-03 01:17:29.062 HelloWorld[10381:c07] Multi-tasking -> Device: YES, App: YES
2013-11-03 01:17:29.115 HelloWorld[10381:c07] Resetting plugins due to page load.
2013-11-03 01:17:29.142 HelloWorld[10381:c07] Finished load of: file:///Users/jashua/Library/Application%20Support/iPhone%20Simulator/6.1/Applications/CAA5F5B7-02C5-4108-B13B-89F436CA12D5/HelloWorld.app/www/index.html
2013-11-03 01:19:21.700 HelloWorld[10855:c07] Multi-tasking -> Device: YES, App: YES
2013-11-03 01:19:21.751 HelloWorld[10855:c07] Resetting plugins due to page load.
2013-11-03 01:19:21.782 HelloWorld[10855:c07] Finished load of: file:///Users/jashua/Library/Application%20Support/iPhone%20Simulator/6.1/Applications/CAA5F5B7-02C5-4108-B13B-89F436CA12D5/HelloWorld.app/www/index.html
Terminating in response to SpringBoard's termination.
2013-11-03 01:22:35.918 HelloWorld[11347:c07] Multi-tasking -> Device: YES, App: YES
2013-11-03 01:22:35.972 HelloWorld[11347:c07] Resetting plugins due to page load.
2013-11-03 01:22:36.001 HelloWorld[11347:c07] Finished load of: file:///Users/jashua/Library/Application%20Support/iPhone%20Simulator/6.1/Applications/CAA5F5B7-02C5-4108-B13B-89F436CA12D5/HelloWorld.app/www/index.html
Terminating in response to SpringBoard's termination.
2013-11-03 09:35:47.999 HelloWorld[12029:c07] Multi-tasking -> Device: YES, App: YES
2013-11-03 09:35:48.185 HelloWorld[12029:c07] Resetting plugins due to page load.
2013-11-03 09:35:48.268 HelloWorld[12029:c07] Finished load of: file:///Users/jashua/Library/Application%20Support/iPhone%20Simulator/6.1/Applications/CAA5F5B7-02C5-4108-B13B-89F436CA12D5/HelloWorld.app/www/index.html
2013-11-03 09:36:35.353 HelloWorld[12501:c07] Multi-tasking -> Device: YES, App: YES
2013-11-03 09:36:35.406 HelloWorld[12501:c07] Resetting plugins due to page load.
2013-11-03 09:36:35.433 HelloWorld[12501:c07] Finished load of: file:///Users/jashua/Library/Application%20Support/iPhone%20Simulator/6.1/Applications/CAA5F5B7-02C5-4108-B13B-89F436CA12D5/HelloWorld.app/www/index.html
2013-11-03 09:44:07.258 HelloWorld[13002:c07] Multi-tasking -> Device: YES, App: YES
2013-11-03 09:44:07.311 HelloWorld[13002:c07] Resetting plugins due to page load.
2013-11-03 09:44:07.339 HelloWorld[13002:c07] Finished load of: file:///Users/jashua/Library/Application%20Support/iPhone%20Simulator/6.1/Applications/CAA5F5B7-02C5-4108-B13B-89F436CA12D5/HelloWorld.app/www/index.html
2013-11-03 09:52:50.951 HelloWorld[13470:c07] Multi-tasking -> Device: YES, App: YES
2013-11-03 09:52:51.003 HelloWorld[13470:c07] Resetting plugins due to page load.
2013-11-03 09:52:51.034 HelloWorld[13470:c07] Finished load of: file:///Users/jashua/Library/Application%20Support/iPhone%20Simulator/6.1/Applications/CAA5F5B7-02C5-4108-B13B-89F436CA12D5/HelloWorld.app/www/index.html
Terminating in response to SpringBoard's termination.
